\BOOKMARK [0][-]{chapter.1}{\376\377\0001\000\040\000S\000t\000a\000t\000i\000c\000\040\000S\000t\000r\000i\000n\000g\000s}{}% 1
\BOOKMARK [1][-]{section.1.1}{\376\377\0001\000.\0001\000\040\000F\000e\000a\000t\000u\000r\000e\000s\000:}{chapter.1}% 2
\BOOKMARK [1][-]{section.1.2}{\376\377\0001\000.\0002\000\040\000G\000e\000t\000t\000i\000n\000g\000\040\000S\000t\000a\000r\000t\000e\000d}{chapter.1}% 3
\BOOKMARK [2][-]{subsection.1.2.1}{\376\377\0001\000.\0002\000.\0001\000\040\000S\000u\000g\000g\000e\000s\000t\000e\000d\000\040\000n\000a\000m\000e\000s}{section.1.2}% 4
\BOOKMARK [2][-]{subsection.1.2.2}{\376\377\0001\000.\0002\000.\0002\000\040\000F\000i\000r\000s\000t\000\040\000o\000f\000\040\000a\000l\000l\000\040\000i\000n\000i\000t\000i\000a\000l\000i\000z\000e\000\040\000t\000h\000e\000\040\000l\000i\000b\000r\000a\000r\000y}{section.1.2}% 5
\BOOKMARK [2][-]{subsection.1.2.3}{\376\377\0001\000.\0002\000.\0003\000\040\000C\000r\000e\000a\000t\000i\000n\000g\000\040\000a\000\040\000s\000t\000r\000i\000n\000g}{section.1.2}% 6
\BOOKMARK [2][-]{subsection.1.2.4}{\376\377\0001\000.\0002\000.\0004\000\040\000A\000l\000s\000o\000\040\000a\000\040\000s\000t\000r\000i\000n\000g\000\040\000c\000a\000n\000\040\000c\000r\000e\000a\000t\000e\000d\000\040\000t\000h\000i\000s\000\040\000w\000a\000y}{section.1.2}% 7
\BOOKMARK [2][-]{subsection.1.2.5}{\376\377\0001\000.\0002\000.\0005\000\040\000S\000p\000l\000i\000t\000\040\000a\000\040\000l\000o\000c\000a\000l\000\040\000s\000c\000o\000p\000e\000\040\000s\000t\000r\000i\000n\000g}{section.1.2}% 8
\BOOKMARK [2][-]{subsection.1.2.6}{\376\377\0001\000.\0002\000.\0006\000\040\000G\000e\000t\000t\000i\000n\000g\000\040\000a\000\040\000s\000u\000b\000s\000t\000r\000i\000n\000g}{section.1.2}% 9
\BOOKMARK [2][-]{subsection.1.2.7}{\376\377\0001\000.\0002\000.\0007\000\040\000C\000o\000n\000c\000a\000t\000e\000n\000a\000t\000e\000\040\000t\000w\000o\000\040\000s\000t\000r\000i\000n\000g\000s\000\040\000a\000n\000d\000\040\000s\000e\000a\000r\000c\000h\000\040\000f\000o\000r\000\040\000a\000\040\000s\000u\000b\000s\000t\000r\000i\000n\000g\000\040\000a\000n\000d\000\040\000a\000\040\000c\000h\000a\000r\000a\000c\000t\000e\000r\000\040\000i\000n\000\040\000t\000h\000e\000\040\000r\000e\000s\000u\000l\000t}{section.1.2}% 10
\BOOKMARK [2][-]{subsection.1.2.8}{\376\377\0001\000.\0002\000.\0008\000\040\000C\000o\000m\000p\000a\000r\000e\000\040\000t\000w\000o\000\040\000e\000q\000u\000a\000l\000s\000\040\000a\000n\000d\000\040\000n\000o\000n\000\040\000e\000q\000u\000a\000l\000s\000\040\000s\000t\000r\000i\000n\000g\000s}{section.1.2}% 11
\BOOKMARK [2][-]{subsection.1.2.9}{\376\377\0001\000.\0002\000.\0009\000\040\000T\000r\000a\000n\000s\000f\000o\000r\000m\000\040\000a\000\040\000i\000n\000t\000e\000g\000e\000r\000\040\000a\000n\000d\000\040\000a\000\040\000f\000l\000o\000a\000t\000\040\000t\000o\000\040\000a\000\040\000s\000t\000r\000i\000n\000g}{section.1.2}% 12
\BOOKMARK [2][-]{subsection.1.2.10}{\376\377\0001\000.\0002\000.\0001\0000\000\040\000C\000o\000p\000y\000,\000\040\000m\000o\000v\000e\000\040\000a\000n\000d\000\040\000c\000l\000o\000n\000e\000\040\000a\000\040\000s\000t\000r\000i\000n\000g}{section.1.2}% 13
\BOOKMARK [2][-]{subsection.1.2.11}{\376\377\0001\000.\0002\000.\0001\0001\000\040\000C\000o\000n\000c\000a\000t\000e\000n\000a\000t\000e\000\040\000a\000n\000d\000\040\000c\000l\000e\000a\000n\000\040\000t\000w\000o\000\040\000s\000t\000r\000i\000n\000g\000s}{section.1.2}% 14
\BOOKMARK [2][-]{subsection.1.2.12}{\376\377\0001\000.\0002\000.\0001\0002\000\040\000A\000l\000s\000o\000\040\000c\000a\000n\000\040\000b\000e\000\040\000u\000s\000e\000d}{section.1.2}% 15
\BOOKMARK [2][-]{subsection.1.2.13}{\376\377\0001\000.\0002\000.\0001\0003\000\040\000C\000o\000n\000c\000a\000t\000e\000n\000a\000t\000e\000\040\000m\000u\000l\000t\000i\000p\000l\000e\000\040\000s\000t\000r\000i\000n\000g\000s}{section.1.2}% 16
\BOOKMARK [2][-]{subsection.1.2.14}{\376\377\0001\000.\0002\000.\0001\0004\000\040\000A\000l\000s\000o\000\040\000c\000a\000n\000\040\000b\000e\000\040\000u\000s\000e\000d}{section.1.2}% 17
\BOOKMARK [2][-]{subsection.1.2.15}{\376\377\0001\000.\0002\000.\0001\0005\000\040\000C\000o\000n\000f\000i\000g\000u\000r\000e\000\040\000q\000u\000a\000n\000t\000i\000t\000y\000\040\000a\000n\000d\000\040\000s\000i\000z\000e\000\040\000o\000f\000\040\000t\000h\000e\000\040\000m\000e\000m\000o\000r\000y\000\040\000a\000r\000r\000a\000y\000s}{section.1.2}% 18
\BOOKMARK [2][-]{subsection.1.2.16}{\376\377\0001\000.\0002\000.\0001\0006\000\040\000U\000s\000i\000n\000g\000\040\000t\000h\000e\000\040\000c\000o\000n\000s\000t\000a\000n\000t\000\040\000s\000t\000r\000i\000n\000g\000s}{section.1.2}% 19
\BOOKMARK [0][-]{chapter.2}{\376\377\0002\000\040\000M\000o\000d\000u\000l\000e\000\040\000I\000n\000d\000e\000x}{}% 20
\BOOKMARK [1][-]{section.2.1}{\376\377\0002\000.\0001\000\040\000M\000o\000d\000u\000l\000e\000s}{chapter.2}% 21
\BOOKMARK [0][-]{chapter.3}{\376\377\0003\000\040\000D\000a\000t\000a\000\040\000S\000t\000r\000u\000c\000t\000u\000r\000e\000\040\000I\000n\000d\000e\000x}{}% 22
\BOOKMARK [1][-]{section.3.1}{\376\377\0003\000.\0001\000\040\000D\000a\000t\000a\000\040\000S\000t\000r\000u\000c\000t\000u\000r\000e\000s}{chapter.3}% 23
\BOOKMARK [0][-]{chapter.4}{\376\377\0004\000\040\000F\000i\000l\000e\000\040\000I\000n\000d\000e\000x}{}% 24
\BOOKMARK [1][-]{section.4.1}{\376\377\0004\000.\0001\000\040\000F\000i\000l\000e\000\040\000L\000i\000s\000t}{chapter.4}% 25
\BOOKMARK [0][-]{chapter.5}{\376\377\0005\000\040\000M\000o\000d\000u\000l\000e\000\040\000D\000o\000c\000u\000m\000e\000n\000t\000a\000t\000i\000o\000n}{}% 26
\BOOKMARK [1][-]{section.5.1}{\376\377\0005\000.\0001\000\040\000S\000t\000r\000i\000n\000g\000\040\000t\000y\000p\000e\000s\000\040\000s\000i\000z\000e\000\040\000a\000n\000d\000\040\000q\000u\000a\000n\000t\000i\000t\000y}{chapter.5}% 27
\BOOKMARK [2][-]{subsection.5.1.1}{\376\377\0005\000.\0001\000.\0001\000\040\000D\000e\000t\000a\000i\000l\000e\000d\000\040\000D\000e\000s\000c\000r\000i\000p\000t\000i\000o\000n}{section.5.1}% 28
\BOOKMARK [1][-]{section.5.2}{\376\377\0005\000.\0002\000\040\000S\000t\000r\000i\000n\000g\000\040\000t\000y\000p\000e\000s}{chapter.5}% 29
\BOOKMARK [2][-]{subsection.5.2.1}{\376\377\0005\000.\0002\000.\0001\000\040\000D\000e\000t\000a\000i\000l\000e\000d\000\040\000D\000e\000s\000c\000r\000i\000p\000t\000i\000o\000n}{section.5.2}% 30
\BOOKMARK [1][-]{section.5.3}{\376\377\0005\000.\0003\000\040\000S\000t\000r\000i\000n\000g\000\040\000s\000t\000a\000t\000u\000s}{chapter.5}% 31
\BOOKMARK [2][-]{subsection.5.3.1}{\376\377\0005\000.\0003\000.\0001\000\040\000D\000e\000t\000a\000i\000l\000e\000d\000\040\000D\000e\000s\000c\000r\000i\000p\000t\000i\000o\000n}{section.5.3}% 32
\BOOKMARK [1][-]{section.5.4}{\376\377\0005\000.\0004\000\040\000E\000r\000r\000o\000r\000\040\000h\000a\000n\000d\000l\000i\000n\000g}{chapter.5}% 33
\BOOKMARK [2][-]{subsection.5.4.1}{\376\377\0005\000.\0004\000.\0001\000\040\000D\000e\000t\000a\000i\000l\000e\000d\000\040\000D\000e\000s\000c\000r\000i\000p\000t\000i\000o\000n}{section.5.4}% 34
\BOOKMARK [2][-]{subsection.5.4.2}{\376\377\0005\000.\0004\000.\0002\000\040\000V\000a\000r\000i\000a\000b\000l\000e\000\040\000D\000o\000c\000u\000m\000e\000n\000t\000a\000t\000i\000o\000n}{section.5.4}% 35
\BOOKMARK [3][-]{subsubsection.5.4.2.1}{\376\377\0005\000.\0004\000.\0002\000.\0001\000\040\000s\000t\000a\000t\000i\000c\000\137\000s\000t\000r\000i\000n\000g\000s\000\137\000e\000r\000r\000o\000r\000\137\000c\000o\000d\000e}{subsection.5.4.2}% 36
\BOOKMARK [1][-]{section.5.5}{\376\377\0005\000.\0005\000\040\000S\000t\000a\000t\000i\000c\000\040\000m\000e\000m\000o\000r\000y\000\040\000a\000r\000r\000a\000y\000s}{chapter.5}% 37
\BOOKMARK [2][-]{subsection.5.5.1}{\376\377\0005\000.\0005\000.\0001\000\040\000D\000e\000t\000a\000i\000l\000e\000d\000\040\000D\000e\000s\000c\000r\000i\000p\000t\000i\000o\000n}{section.5.5}% 38
\BOOKMARK [1][-]{section.5.6}{\376\377\0005\000.\0006\000\040\000S\000t\000r\000i\000n\000g\000\040\000d\000e\000s\000c\000r\000i\000p\000t\000o\000r\000s}{chapter.5}% 39
\BOOKMARK [2][-]{subsection.5.6.1}{\376\377\0005\000.\0006\000.\0001\000\040\000D\000e\000t\000a\000i\000l\000e\000d\000\040\000D\000e\000s\000c\000r\000i\000p\000t\000i\000o\000n}{section.5.6}% 40
\BOOKMARK [1][-]{section.5.7}{\376\377\0005\000.\0007\000\040\000C\000o\000n\000s\000t\000a\000n\000t\000\040\000s\000t\000r\000i\000n\000g\000s}{chapter.5}% 41
\BOOKMARK [2][-]{subsection.5.7.1}{\376\377\0005\000.\0007\000.\0001\000\040\000D\000e\000t\000a\000i\000l\000e\000d\000\040\000D\000e\000s\000c\000r\000i\000p\000t\000i\000o\000n}{section.5.7}% 42
\BOOKMARK [0][-]{chapter.6}{\376\377\0006\000\040\000D\000a\000t\000a\000\040\000S\000t\000r\000u\000c\000t\000u\000r\000e\000\040\000D\000o\000c\000u\000m\000e\000n\000t\000a\000t\000i\000o\000n}{}% 43
\BOOKMARK [1][-]{section.6.1}{\376\377\0006\000.\0001\000\040\000s\000t\000a\000t\000i\000c\000\137\000s\000t\000r\000i\000n\000g\000s\000\137\000s\000t\000r\000i\000n\000g\000\137\000d\000e\000s\000c\000r\000i\000p\000t\000o\000r\000\040\000S\000t\000r\000u\000c\000t\000\040\000R\000e\000f\000e\000r\000e\000n\000c\000e}{chapter.6}% 44
\BOOKMARK [2][-]{subsection.6.1.1}{\376\377\0006\000.\0001\000.\0001\000\040\000D\000e\000t\000a\000i\000l\000e\000d\000\040\000D\000e\000s\000c\000r\000i\000p\000t\000i\000o\000n}{section.6.1}% 45
\BOOKMARK [1][-]{section.6.2}{\376\377\0006\000.\0002\000\040\000s\000t\000a\000t\000i\000c\000\137\000s\000t\000r\000i\000n\000g\000s\000\137\000s\000t\000r\000i\000n\000g\000\137\000s\000p\000l\000i\000t\000t\000e\000r\000\137\000p\000a\000r\000a\000m\000e\000t\000e\000r\000s\000\040\000S\000t\000r\000u\000c\000t\000\040\000R\000e\000f\000e\000r\000e\000n\000c\000e}{chapter.6}% 46
\BOOKMARK [2][-]{subsection.6.2.1}{\376\377\0006\000.\0002\000.\0001\000\040\000D\000e\000t\000a\000i\000l\000e\000d\000\040\000D\000e\000s\000c\000r\000i\000p\000t\000i\000o\000n}{section.6.2}% 47
\BOOKMARK [0][-]{chapter.7}{\376\377\0007\000\040\000F\000i\000l\000e\000\040\000D\000o\000c\000u\000m\000e\000n\000t\000a\000t\000i\000o\000n}{}% 48
\BOOKMARK [1][-]{section.7.1}{\376\377\0007\000.\0001\000\040\000i\000n\000t\000\137\000t\000y\000p\000e\000s\000.\000h\000\040\000F\000i\000l\000e\000\040\000R\000e\000f\000e\000r\000e\000n\000c\000e}{chapter.7}% 49
\BOOKMARK [2][-]{subsection.7.1.1}{\376\377\0007\000.\0001\000.\0001\000\040\000D\000e\000t\000a\000i\000l\000e\000d\000\040\000D\000e\000s\000c\000r\000i\000p\000t\000i\000o\000n}{section.7.1}% 50
\BOOKMARK [1][-]{section.7.2}{\376\377\0007\000.\0002\000\040\000s\000t\000a\000t\000i\000c\000\137\000s\000t\000r\000i\000n\000g\000s\000.\000c\000\040\000F\000i\000l\000e\000\040\000R\000e\000f\000e\000r\000e\000n\000c\000e}{chapter.7}% 51
\BOOKMARK [2][-]{subsection.7.2.1}{\376\377\0007\000.\0002\000.\0001\000\040\000D\000e\000t\000a\000i\000l\000e\000d\000\040\000D\000e\000s\000c\000r\000i\000p\000t\000i\000o\000n}{section.7.2}% 52
\BOOKMARK [2][-]{subsection.7.2.2}{\376\377\0007\000.\0002\000.\0002\000\040\000F\000u\000n\000c\000t\000i\000o\000n\000\040\000D\000o\000c\000u\000m\000e\000n\000t\000a\000t\000i\000o\000n}{section.7.2}% 53
\BOOKMARK [3][-]{subsubsection.7.2.2.1}{\376\377\0007\000.\0002\000.\0002\000.\0001\000\040\000s\000t\000a\000t\000i\000c\000\137\000s\000t\000r\000i\000n\000g\000s\000\137\000a\000l\000l\000o\000c\000a\000t\000e\000\050\000\051}{subsection.7.2.2}% 54
\BOOKMARK [3][-]{subsubsection.7.2.2.2}{\376\377\0007\000.\0002\000.\0002\000.\0002\000\040\000s\000t\000a\000t\000i\000c\000\137\000s\000t\000r\000i\000n\000g\000s\000\137\000c\000l\000o\000n\000e\000\050\000\051}{subsection.7.2.2}% 55
\BOOKMARK [3][-]{subsubsection.7.2.2.3}{\376\377\0007\000.\0002\000.\0002\000.\0003\000\040\000s\000t\000a\000t\000i\000c\000\137\000s\000t\000r\000i\000n\000g\000s\000\137\000c\000o\000m\000p\000a\000r\000e\000\050\000\051}{subsection.7.2.2}% 56
\BOOKMARK [3][-]{subsubsection.7.2.2.4}{\376\377\0007\000.\0002\000.\0002\000.\0004\000\040\000s\000t\000a\000t\000i\000c\000\137\000s\000t\000r\000i\000n\000g\000s\000\137\000c\000o\000n\000c\000a\000t\000e\000n\000a\000t\000e\000\050\000\051}{subsection.7.2.2}% 57
\BOOKMARK [3][-]{subsubsection.7.2.2.5}{\376\377\0007\000.\0002\000.\0002\000.\0005\000\040\000s\000t\000a\000t\000i\000c\000\137\000s\000t\000r\000i\000n\000g\000s\000\137\000c\000o\000n\000c\000a\000t\000e\000n\000a\000t\000e\000\137\000a\000l\000l\000\050\000\051}{subsection.7.2.2}% 58
\BOOKMARK [3][-]{subsubsection.7.2.2.6}{\376\377\0007\000.\0002\000.\0002\000.\0006\000\040\000s\000t\000a\000t\000i\000c\000\137\000s\000t\000r\000i\000n\000g\000s\000\137\000c\000o\000n\000c\000a\000t\000e\000n\000a\000t\000e\000\137\000a\000n\000d\000\137\000c\000l\000e\000a\000n\000\050\000\051}{subsection.7.2.2}% 59
\BOOKMARK [3][-]{subsubsection.7.2.2.7}{\376\377\0007\000.\0002\000.\0002\000.\0007\000\040\000s\000t\000a\000t\000i\000c\000\137\000s\000t\000r\000i\000n\000g\000s\000\137\000c\000o\000n\000c\000a\000t\000e\000n\000a\000t\000e\000\137\000a\000n\000d\000\137\000c\000l\000e\000a\000n\000\137\000a\000l\000l\000\050\000\051}{subsection.7.2.2}% 60
\BOOKMARK [3][-]{subsubsection.7.2.2.8}{\376\377\0007\000.\0002\000.\0002\000.\0008\000\040\000s\000t\000a\000t\000i\000c\000\137\000s\000t\000r\000i\000n\000g\000s\000\137\000c\000o\000n\000c\000a\000t\000e\000n\000a\000t\000e\000\137\000a\000n\000d\000\137\000c\000l\000e\000a\000n\000\137\000b\000o\000t\000h\000\050\000\051}{subsection.7.2.2}% 61
\BOOKMARK [3][-]{subsubsection.7.2.2.9}{\376\377\0007\000.\0002\000.\0002\000.\0009\000\040\000s\000t\000a\000t\000i\000c\000\137\000s\000t\000r\000i\000n\000g\000s\000\137\000c\000o\000n\000t\000a\000i\000n\000s\000\137\000c\000h\000a\000r\000\050\000\051}{subsection.7.2.2}% 62
\BOOKMARK [3][-]{subsubsection.7.2.2.10}{\376\377\0007\000.\0002\000.\0002\000.\0001\0000\000\040\000s\000t\000a\000t\000i\000c\000\137\000s\000t\000r\000i\000n\000g\000s\000\137\000c\000o\000n\000t\000a\000i\000n\000s\000\137\000s\000t\000r\000i\000n\000g\000\050\000\051}{subsection.7.2.2}% 63
\BOOKMARK [3][-]{subsubsection.7.2.2.11}{\376\377\0007\000.\0002\000.\0002\000.\0001\0001\000\040\000s\000t\000a\000t\000i\000c\000\137\000s\000t\000r\000i\000n\000g\000s\000\137\000c\000o\000p\000y\000\050\000\051}{subsection.7.2.2}% 64
\BOOKMARK [3][-]{subsubsection.7.2.2.12}{\376\377\0007\000.\0002\000.\0002\000.\0001\0002\000\040\000s\000t\000a\000t\000i\000c\000\137\000s\000t\000r\000i\000n\000g\000s\000\137\000c\000r\000e\000a\000t\000e\000\137\000c\000u\000s\000t\000o\000m\000\137\000s\000t\000r\000i\000n\000g\000\050\000\051}{subsection.7.2.2}% 65
\BOOKMARK [3][-]{subsubsection.7.2.2.13}{\376\377\0007\000.\0002\000.\0002\000.\0001\0003\000\040\000s\000t\000a\000t\000i\000c\000\137\000s\000t\000r\000i\000n\000g\000s\000\137\000d\000e\000a\000l\000l\000o\000c\000a\000t\000e\000\050\000\051}{subsection.7.2.2}% 66
\BOOKMARK [3][-]{subsubsection.7.2.2.14}{\376\377\0007\000.\0002\000.\0002\000.\0001\0004\000\040\000s\000t\000a\000t\000i\000c\000\137\000s\000t\000r\000i\000n\000g\000s\000\137\000d\000o\000u\000b\000l\000e\000\137\000t\000o\000\137\000s\000t\000r\000i\000n\000g\000\050\000\051}{subsection.7.2.2}% 67
\BOOKMARK [3][-]{subsubsection.7.2.2.15}{\376\377\0007\000.\0002\000.\0002\000.\0001\0005\000\040\000s\000t\000a\000t\000i\000c\000\137\000s\000t\000r\000i\000n\000g\000s\000\137\000f\000l\000o\000a\000t\000\137\000t\000o\000\137\000s\000t\000r\000i\000n\000g\000\050\000\051}{subsection.7.2.2}% 68
\BOOKMARK [3][-]{subsubsection.7.2.2.16}{\376\377\0007\000.\0002\000.\0002\000.\0001\0006\000\040\000s\000t\000a\000t\000i\000c\000\137\000s\000t\000r\000i\000n\000g\000s\000\137\000g\000e\000t\000\137\000s\000t\000r\000i\000n\000g\000\137\000m\000a\000x\000\137\000l\000e\000n\000g\000t\000h\000\050\000\051}{subsection.7.2.2}% 69
\BOOKMARK [3][-]{subsubsection.7.2.2.17}{\376\377\0007\000.\0002\000.\0002\000.\0001\0007\000\040\000s\000t\000a\000t\000i\000c\000\137\000s\000t\000r\000i\000n\000g\000s\000\137\000i\000n\000i\000t\000\050\000\051}{subsection.7.2.2}% 70
\BOOKMARK [3][-]{subsubsection.7.2.2.18}{\376\377\0007\000.\0002\000.\0002\000.\0001\0008\000\040\000s\000t\000a\000t\000i\000c\000\137\000s\000t\000r\000i\000n\000g\000s\000\137\000i\000n\000t\0001\0006\000\137\000t\000o\000\137\000s\000t\000r\000i\000n\000g\000\050\000\051}{subsection.7.2.2}% 71
\BOOKMARK [3][-]{subsubsection.7.2.2.19}{\376\377\0007\000.\0002\000.\0002\000.\0001\0009\000\040\000s\000t\000a\000t\000i\000c\000\137\000s\000t\000r\000i\000n\000g\000s\000\137\000i\000n\000t\0003\0002\000\137\000t\000o\000\137\000s\000t\000r\000i\000n\000g\000\050\000\051}{subsection.7.2.2}% 72
\BOOKMARK [3][-]{subsubsection.7.2.2.20}{\376\377\0007\000.\0002\000.\0002\000.\0002\0000\000\040\000s\000t\000a\000t\000i\000c\000\137\000s\000t\000r\000i\000n\000g\000s\000\137\000i\000n\000t\0008\000\137\000t\000o\000\137\000s\000t\000r\000i\000n\000g\000\050\000\051}{subsection.7.2.2}% 73
\BOOKMARK [3][-]{subsubsection.7.2.2.21}{\376\377\0007\000.\0002\000.\0002\000.\0002\0001\000\040\000s\000t\000a\000t\000i\000c\000\137\000s\000t\000r\000i\000n\000g\000s\000\137\000i\000s\000\137\000l\000i\000n\000e\000\050\000\051}{subsection.7.2.2}% 74
\BOOKMARK [3][-]{subsubsection.7.2.2.22}{\376\377\0007\000.\0002\000.\0002\000.\0002\0002\000\040\000s\000t\000a\000t\000i\000c\000\137\000s\000t\000r\000i\000n\000g\000s\000\137\000m\000o\000v\000e\000\050\000\051}{subsection.7.2.2}% 75
\BOOKMARK [3][-]{subsubsection.7.2.2.23}{\376\377\0007\000.\0002\000.\0002\000.\0002\0003\000\040\000s\000t\000a\000t\000i\000c\000\137\000s\000t\000r\000i\000n\000g\000s\000\137\000s\000a\000v\000e\000\050\000\051}{subsection.7.2.2}% 76
\BOOKMARK [3][-]{subsubsection.7.2.2.24}{\376\377\0007\000.\0002\000.\0002\000.\0002\0004\000\040\000s\000t\000a\000t\000i\000c\000\137\000s\000t\000r\000i\000n\000g\000s\000\137\000s\000t\000r\000i\000n\000g\000\137\000s\000p\000l\000i\000t\000t\000e\000r\000\137\000g\000e\000t\000\137\000n\000e\000x\000t\000\137\000t\000o\000k\000e\000n\000\050\000\051}{subsection.7.2.2}% 77
\BOOKMARK [3][-]{subsubsection.7.2.2.25}{\376\377\0007\000.\0002\000.\0002\000.\0002\0005\000\040\000s\000t\000a\000t\000i\000c\000\137\000s\000t\000r\000i\000n\000g\000s\000\137\000s\000t\000r\000i\000n\000g\000\137\000s\000p\000l\000i\000t\000t\000e\000r\000\137\000s\000e\000t\000\137\000p\000a\000r\000a\000m\000e\000t\000e\000r\000s\000\050\000\051}{subsection.7.2.2}% 78
\BOOKMARK [3][-]{subsubsection.7.2.2.26}{\376\377\0007\000.\0002\000.\0002\000.\0002\0006\000\040\000s\000t\000a\000t\000i\000c\000\137\000s\000t\000r\000i\000n\000g\000s\000\137\000s\000t\000r\000l\000e\000n\000\050\000\051}{subsection.7.2.2}% 79
\BOOKMARK [3][-]{subsubsection.7.2.2.27}{\376\377\0007\000.\0002\000.\0002\000.\0002\0007\000\040\000s\000t\000a\000t\000i\000c\000\137\000s\000t\000r\000i\000n\000g\000s\000\137\000s\000u\000b\000s\000t\000r\000i\000n\000g\000\050\000\051}{subsection.7.2.2}% 80
\BOOKMARK [3][-]{subsubsection.7.2.2.28}{\376\377\0007\000.\0002\000.\0002\000.\0002\0008\000\040\000s\000t\000a\000t\000i\000c\000\137\000s\000t\000r\000i\000n\000g\000s\000\137\000u\000i\000n\000t\0001\0006\000\137\000t\000o\000\137\000s\000t\000r\000i\000n\000g\000\050\000\051}{subsection.7.2.2}% 81
\BOOKMARK [3][-]{subsubsection.7.2.2.29}{\376\377\0007\000.\0002\000.\0002\000.\0002\0009\000\040\000s\000t\000a\000t\000i\000c\000\137\000s\000t\000r\000i\000n\000g\000s\000\137\000u\000i\000n\000t\0003\0002\000\137\000t\000o\000\137\000s\000t\000r\000i\000n\000g\000\050\000\051}{subsection.7.2.2}% 82
\BOOKMARK [3][-]{subsubsection.7.2.2.30}{\376\377\0007\000.\0002\000.\0002\000.\0003\0000\000\040\000s\000t\000a\000t\000i\000c\000\137\000s\000t\000r\000i\000n\000g\000s\000\137\000u\000i\000n\000t\0008\000\137\000t\000o\000\137\000s\000t\000r\000i\000n\000g\000\050\000\051}{subsection.7.2.2}% 83
\BOOKMARK [2][-]{subsection.7.2.3}{\376\377\0007\000.\0002\000.\0003\000\040\000V\000a\000r\000i\000a\000b\000l\000e\000\040\000D\000o\000c\000u\000m\000e\000n\000t\000a\000t\000i\000o\000n}{section.7.2}% 84
\BOOKMARK [3][-]{subsubsection.7.2.3.1}{\376\377\0007\000.\0002\000.\0003\000.\0001\000\040\000s\000t\000a\000t\000i\000c\000\137\000s\000t\000r\000i\000n\000g\000s\000\137\000s\000t\000r\000i\000n\000g\000\137\000s\000p\000l\000i\000t\000t\000e\000r}{subsection.7.2.3}% 85
\BOOKMARK [1][-]{section.7.3}{\376\377\0007\000.\0003\000\040\000s\000t\000a\000t\000i\000c\000\137\000s\000t\000r\000i\000n\000g\000s\000.\000h\000\040\000F\000i\000l\000e\000\040\000R\000e\000f\000e\000r\000e\000n\000c\000e}{chapter.7}% 86
\BOOKMARK [2][-]{subsection.7.3.1}{\376\377\0007\000.\0003\000.\0001\000\040\000D\000e\000t\000a\000i\000l\000e\000d\000\040\000D\000e\000s\000c\000r\000i\000p\000t\000i\000o\000n}{section.7.3}% 87
\BOOKMARK [2][-]{subsection.7.3.2}{\376\377\0007\000.\0003\000.\0002\000\040\000F\000u\000n\000c\000t\000i\000o\000n\000\040\000D\000o\000c\000u\000m\000e\000n\000t\000a\000t\000i\000o\000n}{section.7.3}% 88
\BOOKMARK [3][-]{subsubsection.7.3.2.1}{\376\377\0007\000.\0003\000.\0002\000.\0001\000\040\000s\000t\000a\000t\000i\000c\000\137\000s\000t\000r\000i\000n\000g\000s\000\137\000a\000l\000l\000o\000c\000a\000t\000e\000\050\000\051}{subsection.7.3.2}% 89
\BOOKMARK [3][-]{subsubsection.7.3.2.2}{\376\377\0007\000.\0003\000.\0002\000.\0002\000\040\000s\000t\000a\000t\000i\000c\000\137\000s\000t\000r\000i\000n\000g\000s\000\137\000c\000l\000o\000n\000e\000\050\000\051}{subsection.7.3.2}% 90
\BOOKMARK [3][-]{subsubsection.7.3.2.3}{\376\377\0007\000.\0003\000.\0002\000.\0003\000\040\000s\000t\000a\000t\000i\000c\000\137\000s\000t\000r\000i\000n\000g\000s\000\137\000c\000o\000m\000p\000a\000r\000e\000\050\000\051}{subsection.7.3.2}% 91
\BOOKMARK [3][-]{subsubsection.7.3.2.4}{\376\377\0007\000.\0003\000.\0002\000.\0004\000\040\000s\000t\000a\000t\000i\000c\000\137\000s\000t\000r\000i\000n\000g\000s\000\137\000c\000o\000n\000c\000a\000t\000e\000n\000a\000t\000e\000\050\000\051}{subsection.7.3.2}% 92
\BOOKMARK [3][-]{subsubsection.7.3.2.5}{\376\377\0007\000.\0003\000.\0002\000.\0005\000\040\000s\000t\000a\000t\000i\000c\000\137\000s\000t\000r\000i\000n\000g\000s\000\137\000c\000o\000n\000c\000a\000t\000e\000n\000a\000t\000e\000\137\000a\000l\000l\000\050\000\051}{subsection.7.3.2}% 93
\BOOKMARK [3][-]{subsubsection.7.3.2.6}{\376\377\0007\000.\0003\000.\0002\000.\0006\000\040\000s\000t\000a\000t\000i\000c\000\137\000s\000t\000r\000i\000n\000g\000s\000\137\000c\000o\000n\000c\000a\000t\000e\000n\000a\000t\000e\000\137\000a\000n\000d\000\137\000c\000l\000e\000a\000n\000\050\000\051}{subsection.7.3.2}% 94
\BOOKMARK [3][-]{subsubsection.7.3.2.7}{\376\377\0007\000.\0003\000.\0002\000.\0007\000\040\000s\000t\000a\000t\000i\000c\000\137\000s\000t\000r\000i\000n\000g\000s\000\137\000c\000o\000n\000c\000a\000t\000e\000n\000a\000t\000e\000\137\000a\000n\000d\000\137\000c\000l\000e\000a\000n\000\137\000a\000l\000l\000\050\000\051}{subsection.7.3.2}% 95
\BOOKMARK [3][-]{subsubsection.7.3.2.8}{\376\377\0007\000.\0003\000.\0002\000.\0008\000\040\000s\000t\000a\000t\000i\000c\000\137\000s\000t\000r\000i\000n\000g\000s\000\137\000c\000o\000n\000c\000a\000t\000e\000n\000a\000t\000e\000\137\000a\000n\000d\000\137\000c\000l\000e\000a\000n\000\137\000b\000o\000t\000h\000\050\000\051}{subsection.7.3.2}% 96
\BOOKMARK [3][-]{subsubsection.7.3.2.9}{\376\377\0007\000.\0003\000.\0002\000.\0009\000\040\000s\000t\000a\000t\000i\000c\000\137\000s\000t\000r\000i\000n\000g\000s\000\137\000c\000o\000n\000t\000a\000i\000n\000s\000\137\000c\000h\000a\000r\000\050\000\051}{subsection.7.3.2}% 97
\BOOKMARK [3][-]{subsubsection.7.3.2.10}{\376\377\0007\000.\0003\000.\0002\000.\0001\0000\000\040\000s\000t\000a\000t\000i\000c\000\137\000s\000t\000r\000i\000n\000g\000s\000\137\000c\000o\000n\000t\000a\000i\000n\000s\000\137\000s\000t\000r\000i\000n\000g\000\050\000\051}{subsection.7.3.2}% 98
\BOOKMARK [3][-]{subsubsection.7.3.2.11}{\376\377\0007\000.\0003\000.\0002\000.\0001\0001\000\040\000s\000t\000a\000t\000i\000c\000\137\000s\000t\000r\000i\000n\000g\000s\000\137\000c\000o\000p\000y\000\050\000\051}{subsection.7.3.2}% 99
\BOOKMARK [3][-]{subsubsection.7.3.2.12}{\376\377\0007\000.\0003\000.\0002\000.\0001\0002\000\040\000s\000t\000a\000t\000i\000c\000\137\000s\000t\000r\000i\000n\000g\000s\000\137\000c\000r\000e\000a\000t\000e\000\137\000c\000u\000s\000t\000o\000m\000\137\000s\000t\000r\000i\000n\000g\000\050\000\051}{subsection.7.3.2}% 100
\BOOKMARK [3][-]{subsubsection.7.3.2.13}{\376\377\0007\000.\0003\000.\0002\000.\0001\0003\000\040\000s\000t\000a\000t\000i\000c\000\137\000s\000t\000r\000i\000n\000g\000s\000\137\000d\000e\000a\000l\000l\000o\000c\000a\000t\000e\000\050\000\051}{subsection.7.3.2}% 101
\BOOKMARK [3][-]{subsubsection.7.3.2.14}{\376\377\0007\000.\0003\000.\0002\000.\0001\0004\000\040\000s\000t\000a\000t\000i\000c\000\137\000s\000t\000r\000i\000n\000g\000s\000\137\000d\000o\000u\000b\000l\000e\000\137\000t\000o\000\137\000s\000t\000r\000i\000n\000g\000\050\000\051}{subsection.7.3.2}% 102
\BOOKMARK [3][-]{subsubsection.7.3.2.15}{\376\377\0007\000.\0003\000.\0002\000.\0001\0005\000\040\000s\000t\000a\000t\000i\000c\000\137\000s\000t\000r\000i\000n\000g\000s\000\137\000f\000l\000o\000a\000t\000\137\000t\000o\000\137\000s\000t\000r\000i\000n\000g\000\050\000\051}{subsection.7.3.2}% 103
\BOOKMARK [3][-]{subsubsection.7.3.2.16}{\376\377\0007\000.\0003\000.\0002\000.\0001\0006\000\040\000s\000t\000a\000t\000i\000c\000\137\000s\000t\000r\000i\000n\000g\000s\000\137\000g\000e\000t\000\137\000s\000t\000r\000i\000n\000g\000\137\000m\000a\000x\000\137\000l\000e\000n\000g\000t\000h\000\050\000\051}{subsection.7.3.2}% 104
\BOOKMARK [3][-]{subsubsection.7.3.2.17}{\376\377\0007\000.\0003\000.\0002\000.\0001\0007\000\040\000s\000t\000a\000t\000i\000c\000\137\000s\000t\000r\000i\000n\000g\000s\000\137\000i\000n\000i\000t\000\050\000\051}{subsection.7.3.2}% 105
\BOOKMARK [3][-]{subsubsection.7.3.2.18}{\376\377\0007\000.\0003\000.\0002\000.\0001\0008\000\040\000s\000t\000a\000t\000i\000c\000\137\000s\000t\000r\000i\000n\000g\000s\000\137\000i\000n\000t\0001\0006\000\137\000t\000o\000\137\000s\000t\000r\000i\000n\000g\000\050\000\051}{subsection.7.3.2}% 106
\BOOKMARK [3][-]{subsubsection.7.3.2.19}{\376\377\0007\000.\0003\000.\0002\000.\0001\0009\000\040\000s\000t\000a\000t\000i\000c\000\137\000s\000t\000r\000i\000n\000g\000s\000\137\000i\000n\000t\0003\0002\000\137\000t\000o\000\137\000s\000t\000r\000i\000n\000g\000\050\000\051}{subsection.7.3.2}% 107
\BOOKMARK [3][-]{subsubsection.7.3.2.20}{\376\377\0007\000.\0003\000.\0002\000.\0002\0000\000\040\000s\000t\000a\000t\000i\000c\000\137\000s\000t\000r\000i\000n\000g\000s\000\137\000i\000n\000t\0008\000\137\000t\000o\000\137\000s\000t\000r\000i\000n\000g\000\050\000\051}{subsection.7.3.2}% 108
\BOOKMARK [3][-]{subsubsection.7.3.2.21}{\376\377\0007\000.\0003\000.\0002\000.\0002\0001\000\040\000s\000t\000a\000t\000i\000c\000\137\000s\000t\000r\000i\000n\000g\000s\000\137\000i\000s\000\137\000l\000i\000n\000e\000\050\000\051}{subsection.7.3.2}% 109
\BOOKMARK [3][-]{subsubsection.7.3.2.22}{\376\377\0007\000.\0003\000.\0002\000.\0002\0002\000\040\000s\000t\000a\000t\000i\000c\000\137\000s\000t\000r\000i\000n\000g\000s\000\137\000m\000o\000v\000e\000\050\000\051}{subsection.7.3.2}% 110
\BOOKMARK [3][-]{subsubsection.7.3.2.23}{\376\377\0007\000.\0003\000.\0002\000.\0002\0003\000\040\000s\000t\000a\000t\000i\000c\000\137\000s\000t\000r\000i\000n\000g\000s\000\137\000s\000a\000v\000e\000\050\000\051}{subsection.7.3.2}% 111
\BOOKMARK [3][-]{subsubsection.7.3.2.24}{\376\377\0007\000.\0003\000.\0002\000.\0002\0004\000\040\000s\000t\000a\000t\000i\000c\000\137\000s\000t\000r\000i\000n\000g\000s\000\137\000s\000t\000r\000i\000n\000g\000\137\000s\000p\000l\000i\000t\000t\000e\000r\000\137\000g\000e\000t\000\137\000n\000e\000x\000t\000\137\000t\000o\000k\000e\000n\000\050\000\051}{subsection.7.3.2}% 112
\BOOKMARK [3][-]{subsubsection.7.3.2.25}{\376\377\0007\000.\0003\000.\0002\000.\0002\0005\000\040\000s\000t\000a\000t\000i\000c\000\137\000s\000t\000r\000i\000n\000g\000s\000\137\000s\000t\000r\000i\000n\000g\000\137\000s\000p\000l\000i\000t\000t\000e\000r\000\137\000s\000e\000t\000\137\000p\000a\000r\000a\000m\000e\000t\000e\000r\000s\000\050\000\051}{subsection.7.3.2}% 113
\BOOKMARK [3][-]{subsubsection.7.3.2.26}{\376\377\0007\000.\0003\000.\0002\000.\0002\0006\000\040\000s\000t\000a\000t\000i\000c\000\137\000s\000t\000r\000i\000n\000g\000s\000\137\000s\000t\000r\000l\000e\000n\000\050\000\051}{subsection.7.3.2}% 114
\BOOKMARK [3][-]{subsubsection.7.3.2.27}{\376\377\0007\000.\0003\000.\0002\000.\0002\0007\000\040\000s\000t\000a\000t\000i\000c\000\137\000s\000t\000r\000i\000n\000g\000s\000\137\000s\000u\000b\000s\000t\000r\000i\000n\000g\000\050\000\051}{subsection.7.3.2}% 115
\BOOKMARK [3][-]{subsubsection.7.3.2.28}{\376\377\0007\000.\0003\000.\0002\000.\0002\0008\000\040\000s\000t\000a\000t\000i\000c\000\137\000s\000t\000r\000i\000n\000g\000s\000\137\000u\000i\000n\000t\0001\0006\000\137\000t\000o\000\137\000s\000t\000r\000i\000n\000g\000\050\000\051}{subsection.7.3.2}% 116
\BOOKMARK [3][-]{subsubsection.7.3.2.29}{\376\377\0007\000.\0003\000.\0002\000.\0002\0009\000\040\000s\000t\000a\000t\000i\000c\000\137\000s\000t\000r\000i\000n\000g\000s\000\137\000u\000i\000n\000t\0003\0002\000\137\000t\000o\000\137\000s\000t\000r\000i\000n\000g\000\050\000\051}{subsection.7.3.2}% 117
\BOOKMARK [3][-]{subsubsection.7.3.2.30}{\376\377\0007\000.\0003\000.\0002\000.\0003\0000\000\040\000s\000t\000a\000t\000i\000c\000\137\000s\000t\000r\000i\000n\000g\000s\000\137\000u\000i\000n\000t\0008\000\137\000t\000o\000\137\000s\000t\000r\000i\000n\000g\000\050\000\051}{subsection.7.3.2}% 118
\BOOKMARK [2][-]{subsection.7.3.3}{\376\377\0007\000.\0003\000.\0003\000\040\000V\000a\000r\000i\000a\000b\000l\000e\000\040\000D\000o\000c\000u\000m\000e\000n\000t\000a\000t\000i\000o\000n}{section.7.3}% 119
\BOOKMARK [3][-]{subsubsection.7.3.3.1}{\376\377\0007\000.\0003\000.\0003\000.\0001\000\040\000s\000t\000a\000t\000i\000c\000\137\000s\000t\000r\000i\000n\000g\000s\000\137\000s\000t\000r\000i\000n\000g\000\137\000s\000p\000l\000i\000t\000t\000e\000r}{subsection.7.3.3}% 120
\BOOKMARK [0][-]{section*.19}{\376\377\000I\000n\000d\000e\000x}{}% 121
